Arguments: 
  /usr/bin/node /usr/share/yarn/bin/yarn.js install --no-lockfile

PATH: 
  /var/opt/rails/bin:/var/opt/httpserver/bin:/var/opt/atom/bin:/var/opt/shotgun/bin:/var/opt/rackup/bin:/var/opt/jekyll/bin:/usr/local/rvm/gems/ruby-2.3.1/bin:/usr/local/rvm/gems/ruby-2.3.1@global/bin:/usr/local/rvm/rubies/ruby-2.3.1/bin:/usr/local/sbin:/usr/local/bin:/usr/sbin:/usr/bin:/sbin:/bin:/usr/local/rvm/bin

Yarn version: 
  1.7.0

Node version: 
  8.11.3

Platform: 
  linux x64

Trace: 
  Error: ENOENT: no such file or directory, open '/home/agathagrig/.cache/yarn/v1/npm-anymatch-1.3.2-553dcb8f91e3c889845dfdba34c77721b90b9d7a/.yarn-metadata.json'

npm manifest: 
  {
    "name": "js-intro-to-functions-lab",
    "version": "0.1.0",
    "description": "JavaScript Intro to Functions Lab",
    "main": "index.js",
    "scripts": {
      "postinstall": "gem install learn-co",
      "test": "node_modules/browser-sync/bin/browser-sync.js start --config node_modules/learn-browser/bs-config.js"
    },
    "repository": {
      "type": "git",
      "url": "git+ssh://git@github.com/learn-co-curriculum/js-intro-to-functions-lab.git"
    },
    "keywords": [
      "learn",
      "lab"
    ],
    "author": "@maxwellbenton",
    "license": "SEE LICENSE IN LICENSE.md",
    "bugs": {
      "url": "https://github.com/learn-co-curriculum/js-intro-to-functions-lab/issues"
    },
    "homepage": "https://github.com/learn-co-curriculum/js-intro-to-functions-lab#readme",
    "devDependencies": {
      "learn-browser": "^0.1.17"
    }
  }

yarn manifest: 
  No manifest

Lockfile: 
  No lockfile
